npm run start

> open-music-submission@1.0.0 start
> node src/app.js

Server berjalan pada http://127.0.0.1:5000
Debug: handler, error
    InvariantError: "name" is required
    at Object.validatePostAlbumPayload (D:\Dev\Laragon\www\dicoding\open-music-api\src\api\albums\validator.js:14:13)
    at AlbumsHandler.postAlbumHandler (D:\Dev\Laragon\www\dicoding\open-music-api\src\api\albums\handler.js:8:44)
    at handler (D:\Dev\Laragon\www\dicoding\open-music-api\src\api\albums\routes.js:5:38)
    at exports.Manager.execute (D:\Dev\Laragon\www\dicoding\open-music-api\node_modules\@hapi\hapi\lib\toolkit.js:57:29)
    at internals.handler (D:\Dev\Laragon\www\dicoding\open-music-api\node_modules\@hapi\hapi\lib\handler.js:46:48)
    at exports.execute (D:\Dev\Laragon\www\dicoding\open-music-api\node_modules\@hapi\hapi\lib\handler.js:31:36)
    at Request._lifecycle (D:\Dev\Laragon\www\dicoding\open-music-api\node_modules\@hapi\hapi\lib\request.js:370:68)
    at process.processTicksAndRejections (node:internal/process/task_queues:95:5)
    at async Request._execute (D:\Dev\Laragon\www\dicoding\open-music-api\node_modules\@hapi\hapi\lib\request.js:280:9)
Debug: handler, error
    InvariantError: "name" must be a string
    at Object.validatePostAlbumPayload (D:\Dev\Laragon\www\dicoding\open-music-api\src\api\albums\validator.js:14:13)
    at AlbumsHandler.postAlbumHandler (D:\Dev\Laragon\www\dicoding\open-music-api\src\api\albums\handler.js:8:44)
    at handler (D:\Dev\Laragon\www\dicoding\open-music-api\src\api\albums\routes.js:5:38)
    at exports.Manager.execute (D:\Dev\Laragon\www\dicoding\open-music-api\node_modules\@hapi\hapi\lib\toolkit.js:57:29)
    at internals.handler (D:\Dev\Laragon\www\dicoding\open-music-api\node_modules\@hapi\hapi\lib\handler.js:46:48)
    at exports.execute (D:\Dev\Laragon\www\dicoding\open-music-api\node_modules\@hapi\hapi\lib\handler.js:31:36)
    at Request._lifecycle (D:\Dev\Laragon\www\dicoding\open-music-api\node_modules\@hapi\hapi\lib\request.js:370:68)
    at process.processTicksAndRejections (node:internal/process/task_queues:95:5)
    at async Request._execute (D:\Dev\Laragon\www\dicoding\open-music-api\node_modules\@hapi\hapi\lib\request.js:280:9)
Debug: handler, error
    InvariantError: "year" is required
    at Object.validatePostAlbumPayload (D:\Dev\Laragon\www\dicoding\open-music-api\src\api\albums\validator.js:14:13)
    at AlbumsHandler.postAlbumHandler (D:\Dev\Laragon\www\dicoding\open-music-api\src\api\albums\handler.js:8:44)
    at handler (D:\Dev\Laragon\www\dicoding\open-music-api\src\api\albums\routes.js:5:38)
    at exports.Manager.execute (D:\Dev\Laragon\www\dicoding\open-music-api\node_modules\@hapi\hapi\lib\toolkit.js:57:29)
    at internals.handler (D:\Dev\Laragon\www\dicoding\open-music-api\node_modules\@hapi\hapi\lib\handler.js:46:48)
    at exports.execute (D:\Dev\Laragon\www\dicoding\open-music-api\node_modules\@hapi\hapi\lib\handler.js:31:36)
    at Request._lifecycle (D:\Dev\Laragon\www\dicoding\open-music-api\node_modules\@hapi\hapi\lib\request.js:370:68)
    at process.processTicksAndRejections (node:internal/process/task_queues:95:5)
    at async Request._execute (D:\Dev\Laragon\www\dicoding\open-music-api\node_modules\@hapi\hapi\lib\request.js:280:9)
Debug: handler, error
    InvariantError: "year" must be a number
    at Object.validatePostAlbumPayload (D:\Dev\Laragon\www\dicoding\open-music-api\src\api\albums\validator.js:14:13)
    at AlbumsHandler.postAlbumHandler (D:\Dev\Laragon\www\dicoding\open-music-api\src\api\albums\handler.js:8:44)
    at handler (D:\Dev\Laragon\www\dicoding\open-music-api\src\api\albums\routes.js:5:38)
    at exports.Manager.execute (D:\Dev\Laragon\www\dicoding\open-music-api\node_modules\@hapi\hapi\lib\toolkit.js:57:29)
    at internals.handler (D:\Dev\Laragon\www\dicoding\open-music-api\node_modules\@hapi\hapi\lib\handler.js:46:48)
    at exports.execute (D:\Dev\Laragon\www\dicoding\open-music-api\node_modules\@hapi\hapi\lib\handler.js:31:36)
    at Request._lifecycle (D:\Dev\Laragon\www\dicoding\open-music-api\node_modules\@hapi\hapi\lib\request.js:370:68)
    at process.processTicksAndRejections (node:internal/process/task_queues:95:5)
    at async Request._execute (D:\Dev\Laragon\www\dicoding\open-music-api\node_modules\@hapi\hapi\lib\request.js:280:9)
Debug: handler, error
    error: relation "songs" does not exist
    at D:\Dev\Laragon\www\dicoding\open-music-api\node_modules\pg-pool\index.js:45:11
    at process.processTicksAndRejections (node:internal/process/task_queues:95:5)
    at async AlbumsService.persistAlbum (D:\Dev\Laragon\www\dicoding\open-music-api\src\services\postgres\AlbumsService.js:25:5)
    at async AlbumsHandler.postAlbumHandler (D:\Dev\Laragon\www\dicoding\open-music-api\src\api\albums\handler.js:9:21)
    at async exports.Manager.execute (D:\Dev\Laragon\www\dicoding\open-music-api\node_modules\@hapi\hapi\lib\toolkit.js:60:28)
    at async internals.handler (D:\Dev\Laragon\www\dicoding\open-music-api\node_modules\@hapi\hapi\lib\handler.js:46:20)
    at async exports.execute (D:\Dev\Laragon\www\dicoding\open-music-api\node_modules\@hapi\hapi\lib\handler.js:31:20)
    at async Request._lifecycle (D:\Dev\Laragon\www\dicoding\open-music-api\node_modules\@hapi\hapi\lib\request.js:370:32)
    at async Request._execute (D:\Dev\Laragon\www\dicoding\open-music-api\node_modules\@hapi\hapi\lib\request.js:280:9)
Debug: internal, error
    error: relation "songs" does not exist
    at D:\Dev\Laragon\www\dicoding\open-music-api\node_modules\pg-pool\index.js:45:11
    at process.processTicksAndRejections (node:internal/process/task_queues:95:5)
    at async AlbumsService.persistAlbum (D:\Dev\Laragon\www\dicoding\open-music-api\src\services\postgres\AlbumsService.js:25:5)
    at async AlbumsHandler.postAlbumHandler (D:\Dev\Laragon\www\dicoding\open-music-api\src\api\albums\handler.js:9:21)
    at async exports.Manager.execute (D:\Dev\Laragon\www\dicoding\open-music-api\node_modules\@hapi\hapi\lib\toolkit.js:60:28)
    at async internals.handler (D:\Dev\Laragon\www\dicoding\open-music-api\node_modules\@hapi\hapi\lib\handler.js:46:20)
    at async exports.execute (D:\Dev\Laragon\www\dicoding\open-music-api\node_modules\@hapi\hapi\lib\handler.js:31:20)
    at async Request._lifecycle (D:\Dev\Laragon\www\dicoding\open-music-api\node_modules\@hapi\hapi\lib\request.js:370:32)
    at async Request._execute (D:\Dev\Laragon\www\dicoding\open-music-api\node_modules\@hapi\hapi\lib\request.js:280:9)
Debug: handler, error
    error: relation "albums" does not exist
    at D:\Dev\Laragon\www\dicoding\open-music-api\node_modules\pg-pool\index.js:45:11
    at process.processTicksAndRejections (node:internal/process/task_queues:95:5)
    at async AlbumsService.getAlbumById (D:\Dev\Laragon\www\dicoding\open-music-api\src\services\postgres\AlbumsService.js:36:22)
    at async AlbumsHandler.getAlbumByIdHandler (D:\Dev\Laragon\www\dicoding\open-music-api\src\api\albums\handler.js:24:19)
    at async exports.Manager.execute (D:\Dev\Laragon\www\dicoding\open-music-api\node_modules\@hapi\hapi\lib\toolkit.js:60:28)
    at async internals.handler (D:\Dev\Laragon\www\dicoding\open-music-api\node_modules\@hapi\hapi\lib\handler.js:46:20)
    at async exports.execute (D:\Dev\Laragon\www\dicoding\open-music-api\node_modules\@hapi\hapi\lib\handler.js:31:20)
    at async Request._lifecycle (D:\Dev\Laragon\www\dicoding\open-music-api\node_modules\@hapi\hapi\lib\request.js:370:32)
    at async Request._execute (D:\Dev\Laragon\www\dicoding\open-music-api\node_modules\@hapi\hapi\lib\request.js:280:9)
Debug: internal, error
    error: relation "albums" does not exist
    at D:\Dev\Laragon\www\dicoding\open-music-api\node_modules\pg-pool\index.js:45:11
    at process.processTicksAndRejections (node:internal/process/task_queues:95:5)
    at async AlbumsService.getAlbumById (D:\Dev\Laragon\www\dicoding\open-music-api\src\services\postgres\AlbumsService.js:36:22)
    at async AlbumsHandler.getAlbumByIdHandler (D:\Dev\Laragon\www\dicoding\open-music-api\src\api\albums\handler.js:24:19)
    at async exports.Manager.execute (D:\Dev\Laragon\www\dicoding\open-music-api\node_modules\@hapi\hapi\lib\toolkit.js:60:28)
    at async internals.handler (D:\Dev\Laragon\www\dicoding\open-music-api\node_modules\@hapi\hapi\lib\handler.js:46:20)
    at async exports.execute (D:\Dev\Laragon\www\dicoding\open-music-api\node_modules\@hapi\hapi\lib\handler.js:31:20)
    at async Request._lifecycle (D:\Dev\Laragon\www\dicoding\open-music-api\node_modules\@hapi\hapi\lib\request.js:370:32)
    at async Request._execute (D:\Dev\Laragon\www\dicoding\open-music-api\node_modules\@hapi\hapi\lib\request.js:280:9)
Debug: handler, error
    Error: Not Found
    at internals.notFound (D:\Dev\Laragon\www\dicoding\open-music-api\node_modules\@hapi\hapi\lib\core.js:681:16)
    at exports.Manager.execute (D:\Dev\Laragon\www\dicoding\open-music-api\node_modules\@hapi\hapi\lib\toolkit.js:57:29)
    at internals.handler (D:\Dev\Laragon\www\dicoding\open-music-api\node_modules\@hapi\hapi\lib\handler.js:46:48)
    at exports.execute (D:\Dev\Laragon\www\dicoding\open-music-api\node_modules\@hapi\hapi\lib\handler.js:31:36)
    at Request._lifecycle (D:\Dev\Laragon\www\dicoding\open-music-api\node_modules\@hapi\hapi\lib\request.js:370:68)
    at process.processTicksAndRejections (node:internal/process/task_queues:95:5)
    at async Request._execute (D:\Dev\Laragon\www\dicoding\open-music-api\node_modules\@hapi\hapi\lib\request.js:280:9)
Debug: handler, error
    Error: Not Found
    at internals.notFound (D:\Dev\Laragon\www\dicoding\open-music-api\node_modules\@hapi\hapi\lib\core.js:681:16)
    at exports.Manager.execute (D:\Dev\Laragon\www\dicoding\open-music-api\node_modules\@hapi\hapi\lib\toolkit.js:57:29)
    at internals.handler (D:\Dev\Laragon\www\dicoding\open-music-api\node_modules\@hapi\hapi\lib\handler.js:46:48)
    at exports.execute (D:\Dev\Laragon\www\dicoding\open-music-api\node_modules\@hapi\hapi\lib\handler.js:31:36)
    at Request._lifecycle (D:\Dev\Laragon\www\dicoding\open-music-api\node_modules\@hapi\hapi\lib\request.js:370:68)
    at process.processTicksAndRejections (node:internal/process/task_queues:95:5)
    at async Request._execute (D:\Dev\Laragon\www\dicoding\open-music-api\node_modules\@hapi\hapi\lib\request.js:280:9)
Debug: handler, error
    Error: Not Found
    at internals.notFound (D:\Dev\Laragon\www\dicoding\open-music-api\node_modules\@hapi\hapi\lib\core.js:681:16)
    at exports.Manager.execute (D:\Dev\Laragon\www\dicoding\open-music-api\node_modules\@hapi\hapi\lib\toolkit.js:57:29)
    at internals.handler (D:\Dev\Laragon\www\dicoding\open-music-api\node_modules\@hapi\hapi\lib\handler.js:46:48)
    at exports.execute (D:\Dev\Laragon\www\dicoding\open-music-api\node_modules\@hapi\hapi\lib\handler.js:31:36)
    at Request._lifecycle (D:\Dev\Laragon\www\dicoding\open-music-api\node_modules\@hapi\hapi\lib\request.js:370:68)
    at process.processTicksAndRejections (node:internal/process/task_queues:95:5)
    at async Request._execute (D:\Dev\Laragon\www\dicoding\open-music-api\node_modules\@hapi\hapi\lib\request.js:280:9)
Debug: handler, error
    Error: Not Found
    at internals.notFound (D:\Dev\Laragon\www\dicoding\open-music-api\node_modules\@hapi\hapi\lib\core.js:681:16)
    at exports.Manager.execute (D:\Dev\Laragon\www\dicoding\open-music-api\node_modules\@hapi\hapi\lib\toolkit.js:57:29)
    at internals.handler (D:\Dev\Laragon\www\dicoding\open-music-api\node_modules\@hapi\hapi\lib\handler.js:46:48)
    at exports.execute (D:\Dev\Laragon\www\dicoding\open-music-api\node_modules\@hapi\hapi\lib\handler.js:31:36)
    at Request._lifecycle (D:\Dev\Laragon\www\dicoding\open-music-api\node_modules\@hapi\hapi\lib\request.js:370:68)
    at process.processTicksAndRejections (node:internal/process/task_queues:95:5)
    at async Request._execute (D:\Dev\Laragon\www\dicoding\open-music-api\node_modules\@hapi\hapi\lib\request.js:280:9)
Debug: handler, error
    Error: Not Found
    at internals.notFound (D:\Dev\Laragon\www\dicoding\open-music-api\node_modules\@hapi\hapi\lib\core.js:681:16)
    at exports.Manager.execute (D:\Dev\Laragon\www\dicoding\open-music-api\node_modules\@hapi\hapi\lib\toolkit.js:57:29)
    at internals.handler (D:\Dev\Laragon\www\dicoding\open-music-api\node_modules\@hapi\hapi\lib\handler.js:46:48)
    at exports.execute (D:\Dev\Laragon\www\dicoding\open-music-api\node_modules\@hapi\hapi\lib\handler.js:31:36)
    at Request._lifecycle (D:\Dev\Laragon\www\dicoding\open-music-api\node_modules\@hapi\hapi\lib\request.js:370:68)
    at process.processTicksAndRejections (node:internal/process/task_queues:95:5)
    at async Request._execute (D:\Dev\Laragon\www\dicoding\open-music-api\node_modules\@hapi\hapi\lib\request.js:280:9)
Debug: handler, error
    error: relation "albums" does not exist
    at D:\Dev\Laragon\www\dicoding\open-music-api\node_modules\pg-pool\index.js:45:11
    at process.processTicksAndRejections (node:internal/process/task_queues:95:5)
    at async AlbumsService.editAlbumById (D:\Dev\Laragon\www\dicoding\open-music-api\src\services\postgres\AlbumsService.js:51:22)
    at async AlbumsHandler.putAlbumByIdHandler (D:\Dev\Laragon\www\dicoding\open-music-api\src\api\albums\handler.js:38:5)
    at async exports.Manager.execute (D:\Dev\Laragon\www\dicoding\open-music-api\node_modules\@hapi\hapi\lib\toolkit.js:60:28)
    at async internals.handler (D:\Dev\Laragon\www\dicoding\open-music-api\node_modules\@hapi\hapi\lib\handler.js:46:20)
    at async exports.execute (D:\Dev\Laragon\www\dicoding\open-music-api\node_modules\@hapi\hapi\lib\handler.js:31:20)
    at async Request._lifecycle (D:\Dev\Laragon\www\dicoding\open-music-api\node_modules\@hapi\hapi\lib\request.js:370:32)
    at async Request._execute (D:\Dev\Laragon\www\dicoding\open-music-api\node_modules\@hapi\hapi\lib\request.js:280:9)
Debug: internal, error
    error: relation "albums" does not exist
    at D:\Dev\Laragon\www\dicoding\open-music-api\node_modules\pg-pool\index.js:45:11
    at process.processTicksAndRejections (node:internal/process/task_queues:95:5)
    at async AlbumsService.editAlbumById (D:\Dev\Laragon\www\dicoding\open-music-api\src\services\postgres\AlbumsService.js:51:22)
    at async AlbumsHandler.putAlbumByIdHandler (D:\Dev\Laragon\www\dicoding\open-music-api\src\api\albums\handler.js:38:5)
    at async exports.Manager.execute (D:\Dev\Laragon\www\dicoding\open-music-api\node_modules\@hapi\hapi\lib\toolkit.js:60:28)
    at async internals.handler (D:\Dev\Laragon\www\dicoding\open-music-api\node_modules\@hapi\hapi\lib\handler.js:46:20)
    at async exports.execute (D:\Dev\Laragon\www\dicoding\open-music-api\node_modules\@hapi\hapi\lib\handler.js:31:20)
    at async Request._lifecycle (D:\Dev\Laragon\www\dicoding\open-music-api\node_modules\@hapi\hapi\lib\request.js:370:32)
    at async Request._execute (D:\Dev\Laragon\www\dicoding\open-music-api\node_modules\@hapi\hapi\lib\request.js:280:9)
Debug: handler, error
    Error: Not Found
    at internals.notFound (D:\Dev\Laragon\www\dicoding\open-music-api\node_modules\@hapi\hapi\lib\core.js:681:16)
    at exports.Manager.execute (D:\Dev\Laragon\www\dicoding\open-music-api\node_modules\@hapi\hapi\lib\toolkit.js:57:29)
    at internals.handler (D:\Dev\Laragon\www\dicoding\open-music-api\node_modules\@hapi\hapi\lib\handler.js:46:48)
    at exports.execute (D:\Dev\Laragon\www\dicoding\open-music-api\node_modules\@hapi\hapi\lib\handler.js:31:36)
    at Request._lifecycle (D:\Dev\Laragon\www\dicoding\open-music-api\node_modules\@hapi\hapi\lib\request.js:370:68)
    at process.processTicksAndRejections (node:internal/process/task_queues:95:5)
    at async Request._execute (D:\Dev\Laragon\www\dicoding\open-music-api\node_modules\@hapi\hapi\lib\request.js:280:9)
Debug: handler, error
    Error: Not Found
    at internals.notFound (D:\Dev\Laragon\www\dicoding\open-music-api\node_modules\@hapi\hapi\lib\core.js:681:16)
    at exports.Manager.execute (D:\Dev\Laragon\www\dicoding\open-music-api\node_modules\@hapi\hapi\lib\toolkit.js:57:29)
    at internals.handler (D:\Dev\Laragon\www\dicoding\open-music-api\node_modules\@hapi\hapi\lib\handler.js:46:48)
    at exports.execute (D:\Dev\Laragon\www\dicoding\open-music-api\node_modules\@hapi\hapi\lib\handler.js:31:36)
    at Request._lifecycle (D:\Dev\Laragon\www\dicoding\open-music-api\node_modules\@hapi\hapi\lib\request.js:370:68)
    at process.processTicksAndRejections (node:internal/process/task_queues:95:5)
    at async Request._execute (D:\Dev\Laragon\www\dicoding\open-music-api\node_modules\@hapi\hapi\lib\request.js:280:9)
Debug: handler, error
    error: relation "albums" does not exist
    at D:\Dev\Laragon\www\dicoding\open-music-api\node_modules\pg-pool\index.js:45:11
    at process.processTicksAndRejections (node:internal/process/task_queues:95:5)
    at async AlbumsService.deleteAlbumById (D:\Dev\Laragon\www\dicoding\open-music-api\src\services\postgres\AlbumsService.js:64:22)
    at async AlbumsHandler.deleteAlbumByIdHandler (D:\Dev\Laragon\www\dicoding\open-music-api\src\api\albums\handler.js:49:5)
    at async exports.Manager.execute (D:\Dev\Laragon\www\dicoding\open-music-api\node_modules\@hapi\hapi\lib\toolkit.js:60:28)
    at async internals.handler (D:\Dev\Laragon\www\dicoding\open-music-api\node_modules\@hapi\hapi\lib\handler.js:46:20)
    at async exports.execute (D:\Dev\Laragon\www\dicoding\open-music-api\node_modules\@hapi\hapi\lib\handler.js:31:20)
    at async Request._lifecycle (D:\Dev\Laragon\www\dicoding\open-music-api\node_modules\@hapi\hapi\lib\request.js:370:32)
    at async Request._execute (D:\Dev\Laragon\www\dicoding\open-music-api\node_modules\@hapi\hapi\lib\request.js:280:9)
Debug: internal, error
    error: relation "albums" does not exist
    at D:\Dev\Laragon\www\dicoding\open-music-api\node_modules\pg-pool\index.js:45:11
    at process.processTicksAndRejections (node:internal/process/task_queues:95:5)
    at async AlbumsService.deleteAlbumById (D:\Dev\Laragon\www\dicoding\open-music-api\src\services\postgres\AlbumsService.js:64:22)
    at async AlbumsHandler.deleteAlbumByIdHandler (D:\Dev\Laragon\www\dicoding\open-music-api\src\api\albums\handler.js:49:5)
    at async exports.Manager.execute (D:\Dev\Laragon\www\dicoding\open-music-api\node_modules\@hapi\hapi\lib\toolkit.js:60:28)
    at async internals.handler (D:\Dev\Laragon\www\dicoding\open-music-api\node_modules\@hapi\hapi\lib\handler.js:46:20)
    at async exports.execute (D:\Dev\Laragon\www\dicoding\open-music-api\node_modules\@hapi\hapi\lib\handler.js:31:20)
    at async Request._lifecycle (D:\Dev\Laragon\www\dicoding\open-music-api\node_modules\@hapi\hapi\lib\request.js:370:32)
    at async Request._execute (D:\Dev\Laragon\www\dicoding\open-music-api\node_modules\@hapi\hapi\lib\request.js:280:9)
Debug: handler, error
    Error: Not Found
    at internals.notFound (D:\Dev\Laragon\www\dicoding\open-music-api\node_modules\@hapi\hapi\lib\core.js:681:16)
    at exports.Manager.execute (D:\Dev\Laragon\www\dicoding\open-music-api\node_modules\@hapi\hapi\lib\toolkit.js:57:29)
    at internals.handler (D:\Dev\Laragon\www\dicoding\open-music-api\node_modules\@hapi\hapi\lib\handler.js:46:48)
    at exports.execute (D:\Dev\Laragon\www\dicoding\open-music-api\node_modules\@hapi\hapi\lib\handler.js:31:36)
    at Request._lifecycle (D:\Dev\Laragon\www\dicoding\open-music-api\node_modules\@hapi\hapi\lib\request.js:370:68)
    at process.processTicksAndRejections (node:internal/process/task_queues:95:5)
    at async Request._execute (D:\Dev\Laragon\www\dicoding\open-music-api\node_modules\@hapi\hapi\lib\request.js:280:9)
Debug: handler, error
    Error: Not Found
    at internals.notFound (D:\Dev\Laragon\www\dicoding\open-music-api\node_modules\@hapi\hapi\lib\core.js:681:16)
    at exports.Manager.execute (D:\Dev\Laragon\www\dicoding\open-music-api\node_modules\@hapi\hapi\lib\toolkit.js:57:29)
    at internals.handler (D:\Dev\Laragon\www\dicoding\open-music-api\node_modules\@hapi\hapi\lib\handler.js:46:48)
    at exports.execute (D:\Dev\Laragon\www\dicoding\open-music-api\node_modules\@hapi\hapi\lib\handler.js:31:36)
    at Request._lifecycle (D:\Dev\Laragon\www\dicoding\open-music-api\node_modules\@hapi\hapi\lib\request.js:370:68)
    at process.processTicksAndRejections (node:internal/process/task_queues:95:5)
    at async Request._execute (D:\Dev\Laragon\www\dicoding\open-music-api\node_modules\@hapi\hapi\lib\request.js:280:9)